[18/Jul/2016 09:55:11] "GET / HTTP/1.1" 200 328
[18/Jul/2016 09:55:12] "GET /static/css/main.css HTTP/1.1" 304 0
[18/Jul/2016 09:55:12] "GET /static/bundles/main-3b682f3bf4d829e32181.js HTTP/1.1" 304 0
[18/Jul/2016 09:55:12] "GET /favicon.ico HTTP/1.1" 200 328
[18/Jul/2016 09:55:29] "GET / HTTP/1.1" 200 328
[18/Jul/2016 09:55:29] "GET /static/css/main.css HTTP/1.1" 304 0
[18/Jul/2016 09:55:29] "GET /static/bundles/main-3b682f3bf4d829e32181.js HTTP/1.1" 304 0
[18/Jul/2016 09:55:29] "GET /favicon.ico HTTP/1.1" 200 328
[18/Jul/2016 09:55:37] "GET / HTTP/1.1" 200 328
[18/Jul/2016 09:55:37] "GET /static/css/main.css HTTP/1.1" 304 0
[18/Jul/2016 09:55:37] "GET /static/bundles/main-3b682f3bf4d829e32181.js HTTP/1.1" 304 0
[18/Jul/2016 09:55:37] "GET /favicon.ico HTTP/1.1" 200 328
[18/Jul/2016 09:55:56] "GET / HTTP/1.1" 200 328
[18/Jul/2016 09:55:56] "GET /static/css/main.css HTTP/1.1" 304 0
[18/Jul/2016 09:55:56] "GET /static/bundles/main-8940ad878ee6c6335659.js HTTP/1.1" 200 724669
[18/Jul/2016 09:55:57] "GET /favicon.ico HTTP/1.1" 200 328
Performing system checks...

System check identified no issues (0 silenced).
July 18, 2016 - 09:55:11
Django version 1.9.7, using settings 'bootstrap.settings'
Starting development server at http://127.0.0.1:8000/
Quit the server with CONTROL-C.
